<?xml version="1.0" encoding="UTF-8"?>
<coverage generated="1476150548">
  <project timestamp="1476150548">
    <package name="Piano">
      <file name="/www/Piano/src/Piano/Application.php">
        <class name="Application" namespace="Piano">
          <metrics complexity="52" methods="18" coveredmethods="13" conditionals="0" coveredconditionals="0" statements="119" coveredstatements="79" elements="137" coveredelements="92"/>
        </class>
        <line num="29" type="method" name="__construct" visibility="public" complexity="1" crap="1" count="34"/>
        <line num="31" type="stmt" count="34"/>
        <line num="32" type="stmt" count="34"/>
        <line num="34" type="stmt" count="34"/>
        <line num="35" type="stmt" count="34"/>
        <line num="37" type="method" name="getRouter" visibility="public" complexity="1" crap="1" count="2"/>
        <line num="39" type="stmt" count="2"/>
        <line num="45" type="method" name="getConfig" visibility="public" complexity="1" crap="1" count="21"/>
        <line num="47" type="stmt" count="21"/>
        <line num="50" type="method" name="getApplicationFolderName" visibility="public" complexity="1" crap="1" count="2"/>
        <line num="52" type="stmt" count="2"/>
        <line num="53" type="stmt" count="2"/>
        <line num="56" type="method" name="getDefaultModuleName" visibility="public" complexity="1" crap="1" count="1"/>
        <line num="58" type="stmt" count="1"/>
        <line num="59" type="stmt" count="1"/>
        <line num="68" type="method" name="setUrl" visibility="public" complexity="12" crap="12" count="34"/>
        <line num="70" type="stmt" count="34"/>
        <line num="71" type="stmt" count="34"/>
        <line num="74" type="stmt" count="34"/>
        <line num="75" type="stmt" count="34"/>
        <line num="76" type="stmt" count="34"/>
        <line num="78" type="stmt" count="34"/>
        <line num="79" type="stmt" count="34"/>
        <line num="80" type="stmt" count="34"/>
        <line num="81" type="stmt" count="34"/>
        <line num="83" type="stmt" count="34"/>
        <line num="86" type="stmt" count="1"/>
        <line num="89" type="stmt" count="9"/>
        <line num="90" type="stmt" count="9"/>
        <line num="91" type="stmt" count="9"/>
        <line num="92" type="stmt" count="9"/>
        <line num="93" type="stmt" count="9"/>
        <line num="95" type="stmt" count="9"/>
        <line num="98" type="stmt" count="6"/>
        <line num="100" type="stmt" count="6"/>
        <line num="101" type="stmt" count="1"/>
        <line num="104" type="stmt" count="6"/>
        <line num="105" type="stmt" count="6"/>
        <line num="106" type="stmt" count="6"/>
        <line num="108" type="stmt" count="6"/>
        <line num="110" type="stmt" count="6"/>
        <line num="111" type="stmt" count="6"/>
        <line num="112" type="stmt" count="6"/>
        <line num="113" type="stmt" count="3"/>
        <line num="114" type="stmt" count="3"/>
        <line num="119" type="stmt" count="6"/>
        <line num="120" type="stmt" count="6"/>
        <line num="125" type="method" name="redirect" visibility="public" complexity="14" crap="29.95" count="2"/>
        <line num="127" type="stmt" count="2"/>
        <line num="128" type="stmt" count="1"/>
        <line num="131" type="stmt" count="1"/>
        <line num="133" type="stmt" count="1"/>
        <line num="134" type="stmt" count="1"/>
        <line num="137" type="stmt" count="1"/>
        <line num="138" type="stmt" count="1"/>
        <line num="139" type="stmt" count="1"/>
        <line num="141" type="stmt" count="1"/>
        <line num="142" type="stmt" count="1"/>
        <line num="143" type="stmt" count="1"/>
        <line num="145" type="stmt" count="1"/>
        <line num="147" type="stmt" count="1"/>
        <line num="148" type="stmt" count="0"/>
        <line num="149" type="stmt" count="0"/>
        <line num="150" type="stmt" count="0"/>
        <line num="151" type="stmt" count="0"/>
        <line num="152" type="stmt" count="0"/>
        <line num="157" type="stmt" count="0"/>
        <line num="159" type="stmt" count="0"/>
        <line num="161" type="stmt" count="0"/>
        <line num="162" type="stmt" count="0"/>
        <line num="163" type="stmt" count="0"/>
        <line num="164" type="stmt" count="0"/>
        <line num="166" type="stmt" count="0"/>
        <line num="168" type="stmt" count="0"/>
        <line num="173" type="stmt" count="1"/>
        <line num="174" type="stmt" count="1"/>
        <line num="176" type="stmt" count="1"/>
        <line num="177" type="stmt" count="1"/>
        <line num="179" type="method" name="getSlashUrlParams" visibility="private" complexity="4" crap="4" count="1"/>
        <line num="181" type="stmt" count="1"/>
        <line num="182" type="stmt" count="1"/>
        <line num="183" type="stmt" count="1"/>
        <line num="184" type="stmt" count="1"/>
        <line num="188" type="stmt" count="1"/>
        <line num="191" type="method" name="dispatchRouteDefault" visibility="private" complexity="2" crap="2" count="2"/>
        <line num="193" type="stmt" count="2"/>
        <line num="195" type="stmt" count="2"/>
        <line num="199" type="stmt" count="2"/>
        <line num="200" type="stmt" count="2"/>
        <line num="201" type="stmt" count="2"/>
        <line num="203" type="stmt" count="2"/>
        <line num="210" type="method" name="getModuleName" visibility="public" complexity="1" crap="1" count="1"/>
        <line num="212" type="stmt" count="1"/>
        <line num="219" type="method" name="getControllerName" visibility="public" complexity="1" crap="1" count="1"/>
        <line num="221" type="stmt" count="1"/>
        <line num="228" type="method" name="getActionName" visibility="public" complexity="1" crap="1" count="1"/>
        <line num="230" type="stmt" count="1"/>
        <line num="237" type="method" name="getParams" visibility="public" complexity="1" crap="1" count="2"/>
        <line num="239" type="stmt" count="2"/>
        <line num="242" type="method" name="registerModulesLayout" visibility="public" complexity="1" crap="2" count="0"/>
        <line num="244" type="stmt" count="0"/>
        <line num="245" type="stmt" count="0"/>
        <line num="248" type="method" name="getModulesLayout" visibility="public" complexity="1" crap="2" count="0"/>
        <line num="250" type="stmt" count="0"/>
        <line num="260" type="method" name="getParam" visibility="public" complexity="4" crap="4" count="3"/>
        <line num="262" type="stmt" count="3"/>
        <line num="263" type="stmt" count="1"/>
        <line num="266" type="stmt" count="3"/>
        <line num="267" type="stmt" count="1"/>
        <line num="268" type="stmt" count="1"/>
        <line num="271" type="stmt" count="2"/>
        <line num="274" type="method" name="run" visibility="public" complexity="4" crap="20" count="0"/>
        <line num="276" type="stmt" count="0"/>
        <line num="277" type="stmt" count="0"/>
        <line num="279" type="stmt" count="0"/>
        <line num="280" type="stmt" count="0"/>
        <line num="283" type="stmt" count="0"/>
        <line num="284" type="stmt" count="0"/>
        <line num="288" type="stmt" count="0"/>
        <line num="289" type="stmt" count="0"/>
        <line num="290" type="stmt" count="0"/>
        <line num="291" type="stmt" count="0"/>
        <line num="292" type="stmt" count="0"/>
        <line num="294" type="stmt" count="0"/>
        <line num="296" type="stmt" count="0"/>
        <line num="298" type="stmt" count="0"/>
        <line num="299" type="stmt" count="0"/>
        <line num="302" type="stmt" count="0"/>
        <line num="303" type="stmt" count="0"/>
        <line num="308" type="method" name="errorStop" visibility="private" complexity="1" crap="2" count="0"/>
        <line num="310" type="stmt" count="0"/>
        <line num="311" type="stmt" count="0"/>
        <line num="312" type="stmt" count="0"/>
        <line num="313" type="stmt" count="0"/>
        <line num="314" type="stmt" count="0"/>
        <line num="315" type="stmt" count="0"/>
        <line num="318" type="stmt" count="0"/>
        <metrics loc="320" ncloc="271" classes="1" methods="18" coveredmethods="13" conditionals="0" coveredconditionals="0" statements="119" coveredstatements="79" elements="137" coveredelements="92"/>
      </file>
      <file name="/www/Piano/src/Piano/Router.php">
        <class name="Router" namespace="Piano">
          <metrics complexity="34" methods="14" coveredmethods="14" conditionals="0" coveredconditionals="0" statements="90" coveredstatements="90" elements="104" coveredelements="104"/>
        </class>
        <line num="18" type="method" name="addRoute" visibility="public" complexity="4" crap="4" count="2"/>
        <line num="20" type="stmt" count="2"/>
        <line num="22" type="stmt" count="2"/>
        <line num="23" type="stmt" count="2"/>
        <line num="24" type="stmt" count="1"/>
        <line num="25" type="stmt" count="1"/>
        <line num="26" type="stmt" count="2"/>
        <line num="30" type="stmt" count="2"/>
        <line num="31" type="stmt" count="2"/>
        <line num="33" type="stmt" count="2"/>
        <line num="34" type="stmt" count="1"/>
        <line num="37" type="stmt" count="2"/>
        <line num="39" type="stmt" count="2"/>
        <line num="42" type="method" name="setRoutes" visibility="public" complexity="1" crap="1" count="35"/>
        <line num="44" type="stmt" count="35"/>
        <line num="45" type="stmt" count="35"/>
        <line num="48" type="method" name="getRoutes" visibility="public" complexity="1" crap="1" count="1"/>
        <line num="50" type="stmt" count="1"/>
        <line num="53" type="method" name="getRoute" visibility="public" complexity="2" crap="2" count="8"/>
        <line num="55" type="stmt" count="8"/>
        <line num="58" type="method" name="getMatchedRoute" visibility="public" complexity="1" crap="1" count="35"/>
        <line num="60" type="stmt" count="35"/>
        <line num="63" type="method" name="getMatchedRouteParams" visibility="public" complexity="1" crap="1" count="35"/>
        <line num="65" type="stmt" count="35"/>
        <line num="68" type="method" name="getMatchedRouteName" visibility="public" complexity="1" crap="1" count="1"/>
        <line num="70" type="stmt" count="1"/>
        <line num="73" type="method" name="match" visibility="public" complexity="9" crap="9" count="39"/>
        <line num="75" type="stmt" count="39"/>
        <line num="77" type="stmt" count="39"/>
        <line num="78" type="stmt" count="1"/>
        <line num="81" type="stmt" count="38"/>
        <line num="83" type="stmt" count="38"/>
        <line num="84" type="stmt" count="38"/>
        <line num="85" type="stmt" count="5"/>
        <line num="86" type="stmt" count="5"/>
        <line num="89" type="stmt" count="38"/>
        <line num="90" type="stmt" count="38"/>
        <line num="91" type="stmt" count="38"/>
        <line num="92" type="stmt" count="38"/>
        <line num="94" type="stmt" count="38"/>
        <line num="95" type="stmt" count="38"/>
        <line num="96" type="stmt" count="5"/>
        <line num="98" type="stmt" count="5"/>
        <line num="99" type="stmt" count="5"/>
        <line num="102" type="stmt" count="38"/>
        <line num="106" type="stmt" count="38"/>
        <line num="108" type="stmt" count="38"/>
        <line num="109" type="stmt" count="38"/>
        <line num="111" type="stmt" count="38"/>
        <line num="112" type="stmt" count="4"/>
        <line num="115" type="stmt" count="38"/>
        <line num="117" type="stmt" count="38"/>
        <line num="118" type="stmt" count="38"/>
        <line num="119" type="stmt" count="38"/>
        <line num="120" type="stmt" count="38"/>
        <line num="124" type="stmt" count="2"/>
        <line num="127" type="method" name="getParamsFrom" visibility="private" complexity="2" crap="2" count="2"/>
        <line num="129" type="stmt" count="2"/>
        <line num="131" type="stmt" count="2"/>
        <line num="132" type="stmt" count="1"/>
        <line num="135" type="stmt" count="2"/>
        <line num="138" type="method" name="getUrl" visibility="public" complexity="3" crap="3" count="3"/>
        <line num="140" type="stmt" count="3"/>
        <line num="141" type="stmt" count="1"/>
        <line num="144" type="stmt" count="2"/>
        <line num="145" type="stmt" count="2"/>
        <line num="148" type="stmt" count="1"/>
        <line num="151" type="method" name="getFriendlyUrlForRoute" visibility="private" complexity="4" crap="4" count="2"/>
        <line num="153" type="stmt" count="2"/>
        <line num="154" type="stmt" count="2"/>
        <line num="155" type="stmt" count="2"/>
        <line num="157" type="stmt" count="2"/>
        <line num="158" type="stmt" count="2"/>
        <line num="160" type="stmt" count="2"/>
        <line num="161" type="stmt" count="2"/>
        <line num="163" type="stmt" count="2"/>
        <line num="164" type="stmt" count="1"/>
        <line num="165" type="stmt" count="1"/>
        <line num="166" type="stmt" count="1"/>
        <line num="167" type="stmt" count="1"/>
        <line num="172" type="stmt" count="2"/>
        <line num="173" type="stmt" count="2"/>
        <line num="178" type="stmt" count="2"/>
        <line num="181" type="method" name="getUrlForRoute" visibility="private" complexity="3" crap="3" count="1"/>
        <line num="183" type="stmt" count="1"/>
        <line num="184" type="stmt" count="1"/>
        <line num="186" type="stmt" count="1"/>
        <line num="187" type="stmt" count="1"/>
        <line num="189" type="stmt" count="1"/>
        <line num="190" type="stmt" count="1"/>
        <line num="192" type="stmt" count="1"/>
        <line num="193" type="stmt" count="1"/>
        <line num="194" type="stmt" count="1"/>
        <line num="195" type="stmt" count="1"/>
        <line num="196" type="stmt" count="1"/>
        <line num="197" type="stmt" count="1"/>
        <line num="201" type="stmt" count="1"/>
        <line num="202" type="stmt" count="1"/>
        <line num="207" type="stmt" count="1"/>
        <line num="210" type="method" name="enableSearchEngineFriendly" visibility="public" complexity="1" crap="1" count="36"/>
        <line num="212" type="stmt" count="36"/>
        <line num="213" type="stmt" count="36"/>
        <line num="215" type="method" name="isSearchEngineFriendly" visibility="public" complexity="1" crap="1" count="35"/>
        <line num="217" type="stmt" count="35"/>
        <metrics loc="219" ncloc="208" classes="1" methods="14" coveredmethods="14" conditionals="0" coveredconditionals="0" statements="90" coveredstatements="90" elements="104" coveredelements="104"/>
      </file>
    </package>
    <package name="Piano\Config">
      <file name="/www/Piano/src/Piano/Config/Ini.php">
        <class name="Ini" namespace="Piano\Config">
          <metrics complexity="5" methods="2" coveredmethods="2" conditionals="0" coveredconditionals="0" statements="9" coveredstatements="9" elements="11" coveredelements="11"/>
        </class>
        <line num="16" type="method" name="__construct" visibility="public" complexity="2" crap="2" count="39"/>
        <line num="18" type="stmt" count="39"/>
        <line num="19" type="stmt" count="1"/>
        <line num="22" type="stmt" count="39"/>
        <line num="23" type="stmt" count="39"/>
        <line num="25" type="method" name="get" visibility="public" complexity="3" crap="3" count="15"/>
        <line num="27" type="stmt" count="15"/>
        <line num="28" type="stmt" count="13"/>
        <line num="31" type="stmt" count="2"/>
        <line num="32" type="stmt" count="1"/>
        <line num="35" type="stmt" count="1"/>
        <metrics loc="37" ncloc="32" classes="1" methods="2" coveredmethods="2" conditionals="0" coveredconditionals="0" statements="9" coveredstatements="9" elements="11" coveredelements="11"/>
      </file>
      <file name="/www/Piano/src/Piano/Config/Pdo.php">
        <class name="Pdo" namespace="Piano\Config">
          <metrics complexity="10" methods="3" coveredmethods="0" conditionals="0" coveredconditionals="0" statements="19" coveredstatements="14" elements="22" coveredelements="14"/>
        </class>
        <line num="9" type="method" name="__construct" visibility="public" complexity="1" crap="1.30" count="8"/>
        <line num="11" type="stmt" count="8"/>
        <line num="12" type="stmt" count="0"/>
        <line num="13" type="stmt" count="0"/>
        <line num="15" type="method" name="get" visibility="public" complexity="1" crap="2" count="0"/>
        <line num="17" type="stmt" count="0"/>
        <line num="18" type="stmt" count="0"/>
        <line num="21" type="method" name="checkConfig" visibility="private" complexity="8" crap="8.02" count="8"/>
        <line num="23" type="stmt" count="8"/>
        <line num="25" type="stmt" count="8"/>
        <line num="26" type="stmt" count="3"/>
        <line num="29" type="stmt" count="5"/>
        <line num="30" type="stmt" count="1"/>
        <line num="33" type="stmt" count="4"/>
        <line num="34" type="stmt" count="1"/>
        <line num="37" type="stmt" count="3"/>
        <line num="38" type="stmt" count="1"/>
        <line num="41" type="stmt" count="2"/>
        <line num="42" type="stmt" count="1"/>
        <line num="45" type="stmt" count="1"/>
        <line num="46" type="stmt" count="1"/>
        <line num="48" type="stmt" count="0"/>
        <metrics loc="49" ncloc="49" classes="1" methods="3" coveredmethods="0" conditionals="0" coveredconditionals="0" statements="19" coveredstatements="14" elements="22" coveredelements="14"/>
      </file>
    </package>
    <package name="Piano\Mvc">
      <file name="/www/Piano/src/Piano/Mvc/Controller.php">
        <class name="Controller" namespace="Piano\Mvc">
          <metrics complexity="8" methods="4" coveredmethods="3" conditionals="0" coveredconditionals="0" statements="11" coveredstatements="10" elements="15" coveredelements="13"/>
        </class>
        <line num="27" type="method" name="__construct" visibility="public" complexity="2" crap="2.02" count="4"/>
        <line num="29" type="stmt" count="4"/>
        <line num="30" type="stmt" count="4"/>
        <line num="31" type="stmt" count="4"/>
        <line num="33" type="stmt" count="4"/>
        <line num="34" type="stmt" count="0"/>
        <line num="36" type="stmt" count="4"/>
        <line num="38" type="method" name="getParams" visibility="public" complexity="1" crap="1" count="1"/>
        <line num="40" type="stmt" count="1"/>
        <line num="43" type="method" name="getParam" visibility="public" complexity="2" crap="2" count="2"/>
        <line num="45" type="stmt" count="2"/>
        <line num="46" type="stmt" count="1"/>
        <line num="49" type="stmt" count="1"/>
        <line num="65" type="method" name="getApplication" visibility="public" complexity="1" crap="1" count="1"/>
        <line num="67" type="stmt" count="1"/>
        <metrics loc="69" ncloc="54" classes="1" methods="4" coveredmethods="3" conditionals="0" coveredconditionals="0" statements="11" coveredstatements="10" elements="15" coveredelements="13"/>
      </file>
      <file name="/www/Piano/src/Piano/Mvc/DataAccessAbstract.php">
        <class name="DataAccessAbstract" namespace="Piano\Mvc">
          <metrics complexity="35" methods="7" coveredmethods="0" conditionals="0" coveredconditionals="0" statements="100" coveredstatements="0" elements="107" coveredelements="0"/>
        </class>
        <line num="44" type="method" name="insert" visibility="public" complexity="3" crap="12" count="0"/>
        <line num="45" type="stmt" count="0"/>
        <line num="46" type="stmt" count="0"/>
        <line num="47" type="stmt" count="0"/>
        <line num="48" type="stmt" count="0"/>
        <line num="50" type="stmt" count="0"/>
        <line num="51" type="stmt" count="0"/>
        <line num="52" type="stmt" count="0"/>
        <line num="54" type="stmt" count="0"/>
        <line num="55" type="stmt" count="0"/>
        <line num="57" type="stmt" count="0"/>
        <line num="58" type="stmt" count="0"/>
        <line num="59" type="stmt" count="0"/>
        <line num="61" type="stmt" count="0"/>
        <line num="62" type="stmt" count="0"/>
        <line num="78" type="method" name="update" visibility="public" complexity="3" crap="12" count="0"/>
        <line num="79" type="stmt" count="0"/>
        <line num="80" type="stmt" count="0"/>
        <line num="81" type="stmt" count="0"/>
        <line num="82" type="stmt" count="0"/>
        <line num="84" type="stmt" count="0"/>
        <line num="85" type="stmt" count="0"/>
        <line num="86" type="stmt" count="0"/>
        <line num="87" type="stmt" count="0"/>
        <line num="89" type="stmt" count="0"/>
        <line num="91" type="stmt" count="0"/>
        <line num="93" type="stmt" count="0"/>
        <line num="94" type="stmt" count="0"/>
        <line num="96" type="stmt" count="0"/>
        <line num="97" type="stmt" count="0"/>
        <line num="116" type="method" name="delete" visibility="public" complexity="3" crap="12" count="0"/>
        <line num="117" type="stmt" count="0"/>
        <line num="118" type="stmt" count="0"/>
        <line num="120" type="stmt" count="0"/>
        <line num="121" type="stmt" count="0"/>
        <line num="122" type="stmt" count="0"/>
        <line num="123" type="stmt" count="0"/>
        <line num="125" type="stmt" count="0"/>
        <line num="126" type="stmt" count="0"/>
        <line num="128" type="stmt" count="0"/>
        <line num="129" type="stmt" count="0"/>
        <line num="151" type="method" name="getAll" visibility="public" complexity="2" crap="6" count="0"/>
        <line num="152" type="stmt" count="0"/>
        <line num="153" type="stmt" count="0"/>
        <line num="154" type="stmt" count="0"/>
        <line num="156" type="stmt" count="0"/>
        <line num="157" type="stmt" count="0"/>
        <line num="159" type="stmt" count="0"/>
        <line num="160" type="stmt" count="0"/>
        <line num="162" type="stmt" count="0"/>
        <line num="163" type="stmt" count="0"/>
        <line num="185" type="method" name="getFirst" visibility="public" complexity="2" crap="6" count="0"/>
        <line num="186" type="stmt" count="0"/>
        <line num="187" type="stmt" count="0"/>
        <line num="188" type="stmt" count="0"/>
        <line num="190" type="stmt" count="0"/>
        <line num="191" type="stmt" count="0"/>
        <line num="193" type="stmt" count="0"/>
        <line num="194" type="stmt" count="0"/>
        <line num="196" type="stmt" count="0"/>
        <line num="197" type="stmt" count="0"/>
        <line num="199" type="method" name="getSelectStatement" visibility="private" complexity="19" crap="380" count="0"/>
        <line num="200" type="stmt" count="0"/>
        <line num="201" type="stmt" count="0"/>
        <line num="202" type="stmt" count="0"/>
        <line num="204" type="stmt" count="0"/>
        <line num="205" type="stmt" count="0"/>
        <line num="206" type="stmt" count="0"/>
        <line num="208" type="stmt" count="0"/>
        <line num="209" type="stmt" count="0"/>
        <line num="210" type="stmt" count="0"/>
        <line num="212" type="stmt" count="0"/>
        <line num="213" type="stmt" count="0"/>
        <line num="214" type="stmt" count="0"/>
        <line num="216" type="stmt" count="0"/>
        <line num="217" type="stmt" count="0"/>
        <line num="218" type="stmt" count="0"/>
        <line num="219" type="stmt" count="0"/>
        <line num="220" type="stmt" count="0"/>
        <line num="221" type="stmt" count="0"/>
        <line num="223" type="stmt" count="0"/>
        <line num="225" type="stmt" count="0"/>
        <line num="227" type="stmt" count="0"/>
        <line num="228" type="stmt" count="0"/>
        <line num="230" type="stmt" count="0"/>
        <line num="231" type="stmt" count="0"/>
        <line num="232" type="stmt" count="0"/>
        <line num="233" type="stmt" count="0"/>
        <line num="235" type="stmt" count="0"/>
        <line num="236" type="stmt" count="0"/>
        <line num="237" type="stmt" count="0"/>
        <line num="239" type="stmt" count="0"/>
        <line num="240" type="stmt" count="0"/>
        <line num="241" type="stmt" count="0"/>
        <line num="243" type="stmt" count="0"/>
        <line num="244" type="stmt" count="0"/>
        <line num="246" type="method" name="bindValues" visibility="private" complexity="3" crap="12" count="0"/>
        <line num="247" type="stmt" count="0"/>
        <line num="248" type="stmt" count="0"/>
        <line num="249" type="stmt" count="0"/>
        <line num="251" type="stmt" count="0"/>
        <line num="252" type="stmt" count="0"/>
        <line num="253" type="stmt" count="0"/>
        <line num="255" type="stmt" count="0"/>
        <line num="256" type="stmt" count="0"/>
        <line num="258" type="stmt" count="0"/>
        <line num="259" type="stmt" count="0"/>
        <metrics loc="260" ncloc="160" classes="1" methods="7" coveredmethods="0" conditionals="0" coveredconditionals="0" statements="100" coveredstatements="0" elements="107" coveredelements="0"/>
      </file>
      <file name="/www/Piano/src/Piano/Mvc/View.php">
        <class name="View" namespace="Piano\Mvc">
          <metrics complexity="34" methods="13" coveredmethods="11" conditionals="0" coveredconditionals="0" statements="46" coveredstatements="30" elements="59" coveredelements="41"/>
        </class>
        <line num="28" type="method" name="__construct" visibility="public" complexity="1" crap="1" count="20"/>
        <line num="30" type="stmt" count="20"/>
        <line num="31" type="stmt" count="20"/>
        <line num="32" type="stmt" count="20"/>
        <line num="34" type="method" name="addVar" visibility="public" complexity="1" crap="1" count="1"/>
        <line num="36" type="stmt" count="1"/>
        <line num="37" type="stmt" count="1"/>
        <line num="39" type="method" name="setVars" visibility="public" complexity="1" crap="1" count="1"/>
        <line num="41" type="stmt" count="1"/>
        <line num="42" type="stmt" count="1"/>
        <line num="44" type="method" name="getVars" visibility="public" complexity="1" crap="1" count="2"/>
        <line num="46" type="stmt" count="2"/>
        <line num="49" type="method" name="render" visibility="public" complexity="6" crap="29.43" count="1"/>
        <line num="51" type="stmt" count="1"/>
        <line num="52" type="stmt" count="1"/>
        <line num="55" type="stmt" count="0"/>
        <line num="56" type="stmt" count="0"/>
        <line num="57" type="stmt" count="0"/>
        <line num="59" type="stmt" count="0"/>
        <line num="63" type="stmt" count="0"/>
        <line num="64" type="stmt" count="0"/>
        <line num="66" type="stmt" count="0"/>
        <line num="69" type="stmt" count="0"/>
        <line num="71" type="stmt" count="0"/>
        <line num="73" type="stmt" count="0"/>
        <line num="74" type="stmt" count="0"/>
        <line num="76" type="stmt" count="0"/>
        <line num="78" type="stmt" count="0"/>
        <line num="85" type="method" name="partial" visibility="public" complexity="4" crap="7.46" count="1"/>
        <line num="87" type="stmt" count="1"/>
        <line num="88" type="stmt" count="1"/>
        <line num="91" type="stmt" count="0"/>
        <line num="93" type="stmt" count="0"/>
        <line num="98" type="stmt" count="0"/>
        <line num="103" type="method" name="disableLayout" visibility="public" complexity="1" crap="1" count="1"/>
        <line num="105" type="stmt" count="1"/>
        <line num="106" type="stmt" count="1"/>
        <line num="137" type="method" name="getCompleteViewPath" visibility="public" complexity="1" crap="1" count="1"/>
        <line num="139" type="stmt" count="1"/>
        <line num="142" type="method" name="url" visibility="public" complexity="2" crap="2" count="2"/>
        <line num="144" type="stmt" count="2"/>
        <line num="145" type="stmt" count="1"/>
        <line num="148" type="stmt" count="1"/>
        <line num="151" type="method" name="addJs" visibility="public" complexity="2" crap="2" count="3"/>
        <line num="153" type="stmt" count="3"/>
        <line num="154" type="stmt" count="2"/>
        <line num="157" type="stmt" count="3"/>
        <line num="160" type="method" name="setJs" visibility="public" complexity="2" crap="2" count="1"/>
        <line num="162" type="stmt" count="1"/>
        <line num="163" type="stmt" count="1"/>
        <line num="166" type="stmt" count="1"/>
        <line num="179" type="method" name="addCss" visibility="public" complexity="2" crap="2" count="3"/>
        <line num="181" type="stmt" count="3"/>
        <line num="182" type="stmt" count="2"/>
        <line num="185" type="stmt" count="3"/>
        <line num="188" type="method" name="setCss" visibility="public" complexity="2" crap="2" count="1"/>
        <line num="190" type="stmt" count="1"/>
        <line num="191" type="stmt" count="1"/>
        <line num="194" type="stmt" count="1"/>
        <metrics loc="206" ncloc="169" classes="1" methods="13" coveredmethods="11" conditionals="0" coveredconditionals="0" statements="46" coveredstatements="30" elements="59" coveredelements="41"/>
      </file>
    </package>
    <metrics files="7" loc="1160" ncloc="943" classes="7" methods="61" coveredmethods="43" conditionals="0" coveredconditionals="0" statements="394" coveredstatements="232" elements="455" coveredelements="275"/>
  </project>
</coverage>
